<?xml version="1.0" encoding="UTF-8"?>
<testng-results skipped="0" failed="0" total="1" passed="1">
  <reporter-output>
  </reporter-output>
  <suite name="restassured_api_framework" duration-ms="6615" started-at="2020-06-21T09:02:25Z" finished-at="2020-06-21T09:02:32Z">
    <groups>
    </groups>
    <test name="Regression suite" duration-ms="6615" started-at="2020-06-21T09:02:25Z" finished-at="2020-06-21T09:02:32Z">
      <class name="BasicApiTest">
        <test-method status="PASS" signature="setup()[pri:0, instance:BasicApiTest@5cc7c2a6]" name="setup" is-config="true" duration-ms="1807" started-at="2020-06-21T14:32:25Z" finished-at="2020-06-21T14:32:27Z">
          <reporter-output>
          </reporter-output>
        </test-method> <!-- setup -->
        <test-method status="PASS" signature="setupmethod()[pri:0, instance:BasicApiTest@5cc7c2a6]" name="setupmethod" is-config="true" duration-ms="211" started-at="2020-06-21T14:32:27Z" finished-at="2020-06-21T14:32:27Z">
          <reporter-output>
          </reporter-output>
        </test-method> <!-- setupmethod -->
        <test-method status="PASS" signature="T001_demo_test()[pri:0, instance:BasicApiTest@5cc7c2a6]" name="T001_demo_test" duration-ms="4583" started-at="2020-06-21T14:32:27Z" finished-at="2020-06-21T14:32:32Z">
          <reporter-output>
          </reporter-output>
        </test-method> <!-- T001_demo_test -->
        <test-method status="PASS" signature="teardownmethod()[pri:0, instance:BasicApiTest@5cc7c2a6]" name="teardownmethod" is-config="true" duration-ms="1" started-at="2020-06-21T14:32:32Z" finished-at="2020-06-21T14:32:32Z">
          <reporter-output>
          </reporter-output>
        </test-method> <!-- teardownmethod -->
        <test-method status="PASS" signature="afterTest()[pri:0, instance:BasicApiTest@5cc7c2a6]" name="afterTest" is-config="true" duration-ms="0" started-at="2020-06-21T14:32:32Z" finished-at="2020-06-21T14:32:32Z">
          <reporter-output>
          </reporter-output>
        </test-method> <!-- afterTest -->
      </class> <!-- BasicApiTest -->
    </test> <!-- Regression suite -->
  </suite> <!-- restassured_api_framework -->
</testng-results>
